<?xml version="1.0" encoding="UTF-8"?>
<!-- Generated by org.testng.reporters.JUnitXMLReporter -->
<testsuite ignored="0" hostname="DESKTOP-HNG5JPV" failures="0" tests="3" name="Default test" time="12.909" errors="0" timestamp="2025-09-19T09:16:27 IST">
  <testcase classname="com.testng.TestNgWebdriver" name="enterPassword" time="2.128"/>
  <testcase classname="com.testng.TestNgWebdriver" name="enterUsername" time="2.083"/>
  <testcase classname="com.testng.TestNgWebdriver" name="clickLogin" time="2.183"/>
</testsuite> <!-- Default test -->
