<?xml version="1.0" encoding="UTF-8"?>
<!-- Generated by org.testng.reporters.JUnitXMLReporter -->
<testsuite ignored="2" hostname="DESKTOP-HNG5JPV" failures="0" tests="3" name="Default test" time="9.301" errors="0" timestamp="2025-09-22T08:41:56 IST">
  <testcase classname="com.testng.TestNGDependsOn" name="before" time="4.988"/>
  <testcase classname="com.testng.TestNGDependsOn" name="enterUsername" time="2.143"/>
  <testcase classname="com.testng.TestNGDependsOn" name="enterPassword" time="2.096"/>
  <testcase classname="com.testng.TestNGDependsOn" name="after" time="0.0">
    <ignored/>
  </testcase> <!-- after -->
  <testcase classname="com.testng.TestNGDependsOn" name="clickLogin" time="0.0">
    <ignored/>
  </testcase> <!-- clickLogin -->
</testsuite> <!-- Default test -->
