<?xml version="1.0" encoding="UTF-8"?>
<testng-results ignored="0" total="1" passed="1" failed="0" skipped="0">
  <reporter-output>
  </reporter-output>
  <suite started-at="2025-10-03T09:15:45 IST" name="Default suite" finished-at="2025-10-03T09:16:11 IST" duration-ms="26133">
    <groups>
    </groups>
    <test started-at="2025-10-03T09:15:45 IST" name="Default test" finished-at="2025-10-03T09:16:11 IST" duration-ms="26133">
      <class name="com.FW.DataDrivenDemo">
        <test-method signature="test()[pri:0, instance:com.FW.DataDrivenDemo@223d2c72]" started-at="2025-10-03T09:15:45 IST" name="test" finished-at="2025-10-03T09:16:11 IST" duration-ms="26062" status="PASS">
          <reporter-output>
          </reporter-output>
        </test-method> <!-- test -->
      </class> <!-- com.FW.DataDrivenDemo -->
    </test> <!-- Default test -->
  </suite> <!-- Default suite -->
</testng-results>
