<?xml version="1.0" encoding="UTF-8"?>
<testng-results ignored="0" total="3" passed="3" failed="0" skipped="0">
  <reporter-output>
  </reporter-output>
  <suite started-at="2025-09-19T09:16:14 IST" name="Default suite" finished-at="2025-09-19T09:16:27 IST" duration-ms="12909">
    <groups>
    </groups>
    <test started-at="2025-09-19T09:16:14 IST" name="Default test" finished-at="2025-09-19T09:16:27 IST" duration-ms="12909">
      <class name="com.testng.TestNgWebdriver">
        <test-method is-config="true" signature="before()[pri:0, instance:com.testng.TestNgWebdriver@5c33f1a9]" started-at="2025-09-19T09:16:14 IST" name="before" finished-at="2025-09-19T09:16:20 IST" duration-ms="6250" status="PASS">
          <reporter-output>
          </reporter-output>
        </test-method> <!-- before -->
        <test-method signature="enterPassword()[pri:0, instance:com.testng.TestNgWebdriver@5c33f1a9]" started-at="2025-09-19T09:16:20 IST" name="enterPassword" finished-at="2025-09-19T09:16:22 IST" duration-ms="2128" status="PASS">
          <reporter-output>
          </reporter-output>
        </test-method> <!-- enterPassword -->
        <test-method signature="enterUsername()[pri:1, instance:com.testng.TestNgWebdriver@5c33f1a9]" started-at="2025-09-19T09:16:22 IST" name="enterUsername" finished-at="2025-09-19T09:16:25 IST" duration-ms="2083" status="PASS">
          <reporter-output>
          </reporter-output>
        </test-method> <!-- enterUsername -->
        <test-method signature="clickLogin()[pri:2, instance:com.testng.TestNgWebdriver@5c33f1a9]" started-at="2025-09-19T09:16:25 IST" name="clickLogin" finished-at="2025-09-19T09:16:27 IST" duration-ms="2183" status="PASS">
          <reporter-output>
          </reporter-output>
        </test-method> <!-- clickLogin -->
        <test-method is-config="true" signature="after()[pri:0, instance:com.testng.TestNgWebdriver@5c33f1a9]" started-at="2025-09-19T09:16:27 IST" name="after" finished-at="2025-09-19T09:16:27 IST" duration-ms="201" status="PASS">
          <reporter-output>
          </reporter-output>
        </test-method> <!-- after -->
      </class> <!-- com.testng.TestNgWebdriver -->
    </test> <!-- Default test -->
  </suite> <!-- Default suite -->
</testng-results>
